7zip-bin 21.03-1
ack 3.5.0-2
adobe-source-han-sans-cn-fonts 2.004-1
akonadi-calendar-tools 21.04.3-1
akonadi-import-wizard 21.04.3-1
akonadiconsole 21.04.3-1
akregator 21.04.3-1
amd-ucode 20210716.b7c134f-1
archlinuxcn-keyring 20210401-1
ark 21.04.3-1
artikulate 21.04.3-1
audiocd-kio 21.04.3-1
autoconf 2.71-1
automake 1.16.4-1
base 2-2
bind 9.16.19-1
binutils 2.36.1-3
bison 3.7.6-1
blinken 21.04.3-1
bluedevil 1:5.22.4-1
bluez-utils 5.60-1
bomber 21.04.3-1
bovo 21.04.3-1
brave-bin 1:1.26.77-1
breeze 5.22.4-1
breeze-gtk 5.22.4-1
cantor 21.04.3-2
cervisia 21.04.3-1
cmake 3.21.1-1
conky 1.12.2-1
cowsay 3.04-2
ctags 1:r20210106+g08b1c490-1
dhcpcd 9.4.0-1
dialog 1:1.3_20210621-1
dmidecode 3.3-1
dnsmasq 2.85-1
dolphin 21.04.3-1
dolphin-plugins 21.04.3-1
dragon 21.04.3-1
drkonqi 5.22.4-1
dstat 0.7.4-5
earlyoom 1.6.2-1
edk2-ovmf 202105-1
efibootmgr 17-2
electron-wechat 1.0.0-1
elisa 21.04.3-1
exo 4.16.2-1
fakeroot 1.25.3-2
fbterm 1.7_5-1
fcitx5 5.0.8-1
fcitx5-configtool 5.0.5-1
fcitx5-gtk 5.0.7-1
fcitx5-material-color 0.2.1-1
fcitx5-pinyin-zhwiki 1:0.2.3.20210804-1
fcitx5-qt 5.0.6-1
fcitx5-rime 5.0.6-1
fcitx5-skin-arc 0.0.0.20201005-1
fcitx5-skin-simple-blue 0.0.0.20200618-1
ffmpegthumbs 21.04.3-1
file 5.40-5
file-roller 3.40.0-1
filelight 21.04.3-1
findutils 4.8.0-1
firefox 90.0.2-1
firewalld 1.0.0-3
fish 3.3.1-1
flameshot 0.10.1-1
flex 2.6.4-3
garcon 4.16.1-1
gawk 5.1.0-1
gcc 11.1.0-1
gettext 0.21-1
gnu-netcat 0.7.1-8
google-chrome 92.0.4515.131-1
gparted 1.3.1-1
granatier 21.04.3-1
grantlee-editor 21.04.3-1
grep 3.6-1
groff 1.22.4-6
grub 2:2.06-1
gwenview 21.04.3-1
gzip 1.10-3
htop 3.0.5-1
i2c-tools 4.2-1
iftop 1.0pre4-4
indicator-china-weather 3.0.4-1
intel-ucode 20210608-1
iotop 0.6-8
iptables-nft 1:1.8.7-1
itinerary 21.04.3-1
iw 5.9-1
juk 21.04.3-1
k3b 1:21.04.3-1
kactivitymanagerd 5.22.4-1
kaddressbook 21.04.3-1
kajongg 21.04.3-1
kalarm 21.04.3-1
kalgebra 21.04.3-1
kalzium 21.04.3-1
kamera 21.04.3-1
kamoso 21.04.3-1
kanagram 21.04.3-1
kapman 21.04.3-1
kapptemplate 21.04.3-1
kate 21.04.3-1
katomic 21.04.3-1
kbackup 21.04.3-1
kblackbox 21.04.3-1
kblocks 21.04.3-1
kbounce 21.04.3-1
kbreakout 21.04.3-1
kbruch 21.04.3-1
kcachegrind 21.04.3-1
kcalc 21.04.3-1
kcharselect 21.04.3-1
kcolorchooser 21.04.3-1
kcron 21.04.3-1
kde-cli-tools 5.22.4-1
kde-dev-scripts 21.04.3-1
kde-dev-utils 21.04.3-1
kde-gtk-config 5.22.4-1
kdebugsettings 21.04.3-1
kdeconnect 21.04.3-1
kdecoration 5.22.4-1
kdegraphics-mobipocket 21.04.3-1
kdegraphics-thumbnailers 21.04.3-1
kdenetwork-filesharing 21.04.3-1
kdenlive 21.04.3-1
kdepim-addons 21.04.3-1
kdeplasma-addons 5.22.4-1
kdesdk-kioslaves 21.04.3-1
kdesdk-thumbnailers 21.04.3-1
kdf 21.04.3-1
kdialog 21.04.3-1
kdiamond 21.04.3-1
keditbookmarks 21.04.3-1
kfind 21.04.3-1
kfloppy 21.04.3-1
kfourinline 21.04.3-1
kgamma5 5.22.4-1
kgeography 21.04.3-1
kget 21.04.3-1
kgoldrunner 21.04.3-1
kgpg 21.04.3-1
khangman 21.04.3-1
khelpcenter 21.04.3-1
khotkeys 5.22.4-1
kig 21.04.3-1
kigo 21.04.3-1
killbots 21.04.3-1
kimagemapeditor 21.04.3-1
kinfocenter 5.22.4-1
kio-extras 21.04.3-2
kio-gdrive 21.04.3-1
kipi-plugins 21.04.3-1
kirigami-gallery 21.04.3-1
kiriki 21.04.3-1
kiten 21.04.3-1
kjumpingcube 21.04.3-1
kleopatra 21.04.3-1
klettres 21.04.3-1
klickety 21.04.3-1
klines 21.04.3-1
kmag 21.04.3-1
kmahjongg 21.04.3-1
kmail 21.04.3-1
kmail-account-wizard 21.04.3-1
kmenuedit 5.22.4-1
kmines 21.04.3-1
kmousetool 21.04.3-1
kmouth 21.04.3-1
kmplot 21.04.3-1
knavalbattle 21.04.3-1
knetwalk 21.04.3-1
knights 21.04.3-1
knotes 21.04.3-1
kolf 21.04.3-1
kollision 21.04.3-1
kolourpaint 21.04.3-1
kompare 21.04.3-1
konqueror 21.04.3-1
konquest 21.04.3-1
konsole 21.04.3-1
kontact 21.04.3-1
kontrast 21.04.3-1
konversation 21.04.3-1
kopete 21.04.3-1
korganizer 21.04.3-1
kpat 21.04.3-1
krdc 21.04.3-1
kreversi 21.04.3-1
krfb 21.04.3-1
kross-interpreters 21.04.3-1
kruler 21.04.3-1
kscreen 5.22.4-1
kscreenlocker 5.22.4-1
kshisen 21.04.3-1
ksirk 21.04.3-1
ksnakeduel 21.04.3-1
kspaceduel 21.04.3-1
ksquares 21.04.3-1
ksshaskpass 5.22.4-1
ksudoku 21.04.3-1
ksysguard 5.22.0-1
ksystemlog 21.04.3-1
kteatime 21.04.3-1
ktimer 21.04.3-1
ktorrent 21.04.3-1
ktouch 21.04.3-1
ktuberling 21.04.3-1
kturtle 21.04.3-1
kubrick 21.04.3-1
kwallet-pam 5.22.4-1
kwalletmanager 21.04.3-1
kwave 21.04.3-1
kwayland-integration 5.22.4-1
kwayland-server 5.22.4-1
kwin 5.22.4-1
kwordquiz 21.04.3-1
kwrite 21.04.3-1
kwrited 5.22.4-1
latte-dock 0.10.0-1
libkscreen 5.22.4-1
libksysguard 5.22.4-1
libtool 2.4.6+42+gb88cebd5-16
linux 5.13.8.arch1-1
linux-firmware 20210716.b7c134f-1
linux-headers 5.13.8.arch1-1
lokalize 21.04.3-1
lrzsz 0.12.20-7
lshw B.02.19.2-2
lskat 21.04.3-1
lsscsi 0.32-1
luit 20201003-1
m4 1.4.19-1
make 4.3-3
marble 21.04.3-1
markdownpart 21.04.3-1
mate-sensors-applet 1.24.1-1
mbox-importer 21.04.3-1
milou 5.22.4-1
minuet 21.04.3-2
mousepad 0.5.6-1
mtools 1:4.0.34-1
mtr 0.94-1
neofetch 7.1.0-2
neovim 0.5.0-1
net-tools 2.10-1
netctl 1.25-1
netease-cloud-music 1.2.1-1
nmap 7.91-1
noto-fonts-emoji 20210625-1
noto-fonts-extra 20201226-2
ntfs-3g 2017.3.23-5
numix-circle-icon-theme-git 0.r62.8b749c0-1
numlockx 1.2-5
okular 21.04.3-2
openvpn 2.5.3-1
opera 78.0.4093.112-1
os-prober 1.79-1
oxygen 5.22.4-1
pacman 6.0.0-5
palapeli 21.04.3-1
parley 21.04.3-1
parole 4.16.0-1
partitionmanager 21.04.3-1
patch 2.7.6-8
pavucontrol 1:4.0-2
picmi 21.04.3-1
pim-data-exporter 21.04.3-1
pim-sieve-editor 21.04.3-1
pkgconf 1.7.3-1
plasma-browser-integration 5.22.4-1
plasma-desktop 5.22.4-1
plasma-integration 5.22.4-1
plasma-nm 5.22.4-1
plasma-pa 5.22.4-1
plasma-sdk 5.22.4-1
plasma-thunderbolt 5.22.4-1
plasma-vault 5.22.4-1
plasma-workspace 5.22.4-2
plasma-workspace-wallpapers 5.22.4-1
polkit-kde-agent 5.22.4-1
powerdevil 5.22.4-1
poxml 21.04.3-1
print-manager 21.04.3-1
pulseaudio-alsa 1:1.2.5-2
pulseaudio-bluetooth 15.0-1
python-pip 20.3.4-1
python2 2.7.18-3
qemu 6.0.0-3
qqmusic-bin 1.1.0-3
qtscrcpy 1.7.1-1
ranger 1.9.3-3
remmina 1:1.4.20-1
rime-cloverpinyin 1.1.4-2
ristretto 0.11.0-1
rocket-depot-git r318.849654d-1
rocs 21.04.3-1
scrcpy 1.18-1
sddm 0.19.0-6
sddm-kcm 5.22.4-1
sed 4.8-1
signon-kwallet-extension 21.04.3-1
sl 5.02-6
spacman 1.0.5-1
spectacle 21.04.3-1
ssfconv 1.1.1-1
step 21.04.3-2
strace 5.13-1
sublime-text-3 3.3211-1
sudo 1.9.7.p2-1
svgpart 21.04.3-1
sweeper 21.04.3-1
sysstat 12.5.4-1
systemsettings 5.22.4-1
tcpdump 4.99.1-1
telepathy-kde-accounts-kcm 21.04.3-1
telepathy-kde-approver 21.04.3-1
telepathy-kde-auth-handler 21.04.3-1
telepathy-kde-call-ui 21.04.3-1
telepathy-kde-common-internals 21.04.3-1
telepathy-kde-contact-list 21.04.3-1
telepathy-kde-contact-runner 21.04.3-1
telepathy-kde-desktop-applets 21.04.3-1
telepathy-kde-filetransfer-handler 21.04.3-1
telepathy-kde-integration-module 21.04.3-1
telepathy-kde-send-file 21.04.3-1
telepathy-kde-text-ui 21.04.3-1
terminus-font 4.49.1-2
texinfo 6.8-2
thefuck 3.31-1
thunar 4.16.8-1
thunar-archive-plugin 0.4.0-3
thunar-media-tags-plugin 0.3.0-2
thunar-volman 4.16.0-1
timeshift 20.11.1+4+gd437358-2
tree 1.8.0-2
ttf-dejavu 2.37+18+g9b5d1b2f-3
tumbler 4.16.0-3
umbrello 21.04.3-1
unrar 1:6.0.7-1
unzip 6.0-14
utools 1.3.5-1
variety 0.8.5-2
vi 1:070224-5
vim 8.2.2891-1
virt-manager 3.2.0-1
virtualbox-guest-iso 6.1.26-1
vmware-modules-dkms-git 1.1-4
vmware-workstation-macos 16.1.2-2
wget 1.21.1-1
which 2.21-5
wine 6.14-1
wireshark-gtk2 2.6.20-1
wpa_supplicant 2:2.9-8
wps-office 11.1.0.10702-1
wps-office-mui-zh-cn 11.1.0.10702-1
wqy-microhei 0.2.0_beta-11
wqy-zenhei 0.9.45-9
xarchiver 0.5.4.17-1
xdg-desktop-portal-kde 5.22.4-1
xf86-input-synaptics 1.9.1-2
xf86-video-vesa 2.5.0-1
xfburn 0.6.2-1
xfce4-appfinder 4.16.1-2
xfce4-artwork 0.1.1a_git20110420-6
xfce4-battery-plugin 1.1.4-1
xfce4-clipman-plugin 1.6.2-1
xfce4-cpufreq-plugin 1.2.5-1
xfce4-cpugraph-plugin 1.2.3-1
xfce4-datetime-plugin 0.8.1-1
xfce4-dict 0.8.4-1
xfce4-diskperf-plugin 2.6.3-1
xfce4-eyes-plugin 4.5.1-1
xfce4-fsguard-plugin 1.1.2-1
xfce4-genmon-plugin 4.1.1-1
xfce4-mailwatch-plugin 1.3.0-1
xfce4-mount-plugin 1.1.5-1
xfce4-mpc-plugin 0.5.2-2
xfce4-netload-plugin 1.4.0-1
xfce4-notes-plugin 1.9.0-1
xfce4-notifyd 0.6.2-2
xfce4-panel 4.16.3-2
xfce4-power-manager 4.16.0-3
xfce4-pulseaudio-plugin 0.4.3-1
xfce4-screensaver 4.16.0-1
xfce4-screenshooter 1.9.9-2
xfce4-sensors-plugin 1.4.1-1
xfce4-session 4.16.0-2
xfce4-settings 4.16.2-1
xfce4-smartbookmark-plugin 0.5.2-1
xfce4-systemload-plugin 1.3.1-1
xfce4-taskmanager 1.4.2-1
xfce4-terminal 0.8.10-2
xfce4-time-out-plugin 1.1.2-1
xfce4-timer-plugin 1.7.1-1
xfce4-verve-plugin 2.0.1-1
xfce4-wavelan-plugin 0.6.2-1
xfce4-weather-plugin 0.11.0-1
xfce4-whiskermenu-plugin 2.5.3-1
xfce4-xkb-plugin 0.8.2-1
xfconf 4.16.0-2
xfdesktop 4.16.0-2
xfwm4 4.16.1-2
xfwm4-themes 4.10.0-4
xorg-bdftopcf 1.1-2
xorg-docs 1.7.1-3
xorg-font-util 1.3.2-2
xorg-fonts-100dpi 1.0.3-7
xorg-fonts-75dpi 1.0.3-7
xorg-fonts-encodings 1.0.5-2
xorg-iceauth 1.0.8-2
xorg-mkfontscale 1.2.1-2
xorg-server 1.20.13-2
xorg-server-common 1.20.13-2
xorg-server-devel 1.20.13-2
xorg-server-xephyr 1.20.13-2
xorg-server-xnest 1.20.13-2
xorg-server-xvfb 1.20.13-2
xorg-sessreg 1.1.2-2
xorg-setxkbmap 1.3.2-2
xorg-smproxy 1.0.6-3
xorg-x11perf 1.6.1-2
xorg-xauth 1.1-2
xorg-xbacklight 1.2.3-2
xorg-xcmsdb 1.0.5-3
xorg-xcursorgen 1.0.7-2
xorg-xdpyinfo 1.3.2-4
xorg-xdriinfo 1.0.6-2
xorg-xev 1.2.4-1
xorg-xgamma 1.0.6-3
xorg-xhost 1.0.8-2
xorg-xinput 1.6.3-2
xorg-xkbcomp 1.4.5-1
xorg-xkbevd 1.1.4-3
xorg-xkbutils 1.0.4-4
xorg-xkill 1.0.5-2
xorg-xlsatoms 1.1.3-2
xorg-xlsclients 1.1.4-2
xorg-xmodmap 1.0.10-2
xorg-xpr 1.0.5-2
xorg-xprop 1.2.5-1
xorg-xrandr 1.5.1-2
xorg-xrdb 1.2.0-2
xorg-xrefresh 1.0.6-2
xorg-xset 1.2.4-2
xorg-xsetroot 1.1.2-2
xorg-xvinfo 1.1.4-2
xorg-xwayland 21.1.2-1
xorg-xwd 1.0.8-1
xorg-xwininfo 1.1.5-2
xorg-xwud 1.0.5-2
yakuake 21.04.3-1
yay 10.3.1-1
zeroconf-ioslave 21.04.3-1
zsh 5.8-1
